  [1m[35m (1.1ms)[0m  [1m[34mSELECT sqlite_version(*)[0m
  [1m[35m (3.4ms)[0m  [1m[35mCREATE TABLE "schema_migrations" ("version" varchar NOT NULL PRIMARY KEY)[0m
  [1m[35m (2.2ms)[0m  [1m[35mCREATE TABLE "ar_internal_metadata" ("key" varchar NOT NULL PRIMARY KEY, "value" varchar, "created_at" datetime(6) NOT NULL, "updated_at" datetime(6) NOT NULL)[0m
  [1m[35m (0.2ms)[0m  [1m[34mSELECT "schema_migrations"."version" FROM "schema_migrations" ORDER BY "schema_migrations"."version" ASC[0m
Migrating to CreateRestaurants (20230626052531)
  [1m[36mTRANSACTION (0.1ms)[0m  [1m[36mbegin transaction[0m
  [1m[35m (0.5ms)[0m  [1m[35mCREATE TABLE "restaurants" ("id" integer PRIMARY KEY AUTOINCREMENT NOT NULL, "name" varchar, "address" text, "created_at" datetime(6) NOT NULL, "updated_at" datetime(6) NOT NULL)[0m
  [1m[36mActiveRecord::SchemaMigration Create (0.3ms)[0m  [1m[32mINSERT INTO "schema_migrations" ("version") VALUES (?)[0m  [["version", "20230626052531"]]
  [1m[36mTRANSACTION (3.7ms)[0m  [1m[36mcommit transaction[0m
Migrating to CreatePizzas (20230626052835)
  [1m[36mTRANSACTION (0.1ms)[0m  [1m[36mbegin transaction[0m
  [1m[35m (0.4ms)[0m  [1m[35mCREATE TABLE "pizzas" ("id" integer PRIMARY KEY AUTOINCREMENT NOT NULL, "name" varchar, "ingredients" varchar, "created_at" datetime(6) NOT NULL, "updated_at" datetime(6) NOT NULL)[0m
  [1m[36mActiveRecord::SchemaMigration Create (0.3ms)[0m  [1m[32mINSERT INTO "schema_migrations" ("version") VALUES (?)[0m  [["version", "20230626052835"]]
  [1m[36mTRANSACTION (2.6ms)[0m  [1m[36mcommit transaction[0m
Migrating to CreateRestaurantPizzas (20230626052942)
  [1m[36mTRANSACTION (0.1ms)[0m  [1m[36mbegin transaction[0m
  [1m[35m (0.7ms)[0m  [1m[35mCREATE TABLE "restaurant_pizzas" ("id" integer PRIMARY KEY AUTOINCREMENT NOT NULL, "price" integer, "pizza_id" integer NOT NULL, "restaurant_id" integer NOT NULL, "created_at" datetime(6) NOT NULL, "updated_at" datetime(6) NOT NULL, CONSTRAINT "fk_rails_ab3bb148dc"
FOREIGN KEY ("pizza_id")
  REFERENCES "pizzas" ("id")
, CONSTRAINT "fk_rails_f279821f06"
FOREIGN KEY ("restaurant_id")
  REFERENCES "restaurants" ("id")
)[0m
  [1m[35m (0.2ms)[0m  [1m[35mCREATE INDEX "index_restaurant_pizzas_on_pizza_id" ON "restaurant_pizzas" ("pizza_id")[0m
  [1m[35m (0.2ms)[0m  [1m[35mCREATE INDEX "index_restaurant_pizzas_on_restaurant_id" ON "restaurant_pizzas" ("restaurant_id")[0m
  [1m[36mActiveRecord::SchemaMigration Create (0.2ms)[0m  [1m[32mINSERT INTO "schema_migrations" ("version") VALUES (?)[0m  [["version", "20230626052942"]]
  [1m[36mTRANSACTION (2.2ms)[0m  [1m[36mcommit transaction[0m
  [1m[36mActiveRecord::InternalMetadata Load (0.4ms)[0m  [1m[34mSELECT "ar_internal_metadata".* FROM "ar_internal_metadata" WHERE "ar_internal_metadata"."key" = ? LIMIT ?[0m  [["key", "environment"], ["LIMIT", 1]]
  [1m[36mTRANSACTION (0.1ms)[0m  [1m[36mbegin transaction[0m
  [1m[36mActiveRecord::InternalMetadata Create (0.4ms)[0m  [1m[32mINSERT INTO "ar_internal_metadata" ("key", "value", "created_at", "updated_at") VALUES (?, ?, ?, ?)[0m  [["key", "environment"], ["value", "development"], ["created_at", "2023-06-26 05:38:39.222406"], ["updated_at", "2023-06-26 05:38:39.222406"]]
  [1m[36mTRANSACTION (2.0ms)[0m  [1m[36mcommit transaction[0m
  [1m[35m (0.1ms)[0m  [1m[34mSELECT sqlite_version(*)[0m
  [1m[35m (0.2ms)[0m  [1m[34mSELECT "schema_migrations"."version" FROM "schema_migrations" ORDER BY "schema_migrations"."version" ASC[0m
  [1m[35m (0.4ms)[0m  [1m[34mSELECT sqlite_version(*)[0m
  [1m[35m (0.2ms)[0m  [1m[34mSELECT "schema_migrations"."version" FROM "schema_migrations" ORDER BY "schema_migrations"."version" ASC[0m
  [1m[35m (0.0ms)[0m  [1m[34mSELECT sqlite_version(*)[0m
  [1m[36mTRANSACTION (0.1ms)[0m  [1m[36mbegin transaction[0m
  [1m[36mPizza Create (0.4ms)[0m  [1m[32mINSERT INTO "pizzas" ("name", "ingredients", "created_at", "updated_at") VALUES (?, ?, ?, ?)[0m  [["name", "Margherita"], ["ingredients", "Tomato, Mozzarella, Basil"], ["created_at", "2023-06-26 07:06:07.653223"], ["updated_at", "2023-06-26 07:06:07.653223"]]
  [1m[36mTRANSACTION (7.6ms)[0m  [1m[36mcommit transaction[0m
  [1m[36mTRANSACTION (0.1ms)[0m  [1m[36mbegin transaction[0m
  [1m[36mPizza Create (0.4ms)[0m  [1m[32mINSERT INTO "pizzas" ("name", "ingredients", "created_at", "updated_at") VALUES (?, ?, ?, ?)[0m  [["name", "Pepperoni"], ["ingredients", "Tomato, Mozzarella, Pepperoni"], ["created_at", "2023-06-26 07:06:07.666917"], ["updated_at", "2023-06-26 07:06:07.666917"]]
  [1m[36mTRANSACTION (2.0ms)[0m  [1m[36mcommit transaction[0m
  [1m[36mTRANSACTION (0.1ms)[0m  [1m[36mbegin transaction[0m
  [1m[36mPizza Create (0.5ms)[0m  [1m[32mINSERT INTO "pizzas" ("name", "ingredients", "created_at", "updated_at") VALUES (?, ?, ?, ?)[0m  [["name", "Vegetarian"], ["ingredients", "Tomato, Mozzarella, Mixed Vegetables"], ["created_at", "2023-06-26 07:06:07.674023"], ["updated_at", "2023-06-26 07:06:07.674023"]]
  [1m[36mTRANSACTION (2.3ms)[0m  [1m[36mcommit transaction[0m
  [1m[36mTRANSACTION (0.1ms)[0m  [1m[36mbegin transaction[0m
  [1m[36mRestaurant Create (0.3ms)[0m  [1m[32mINSERT INTO "restaurants" ("name", "address", "created_at", "updated_at") VALUES (?, ?, ?, ?)[0m  [["name", "Pizza Hut"], ["address", "123 Main St"], ["created_at", "2023-06-26 07:06:07.688212"], ["updated_at", "2023-06-26 07:06:07.688212"]]
  [1m[36mTRANSACTION (1.9ms)[0m  [1m[36mcommit transaction[0m
  [1m[36mTRANSACTION (0.1ms)[0m  [1m[36mbegin transaction[0m
  [1m[36mRestaurant Create (0.3ms)[0m  [1m[32mINSERT INTO "restaurants" ("name", "address", "created_at", "updated_at") VALUES (?, ?, ?, ?)[0m  [["name", "Domino's"], ["address", "456 Elm St"], ["created_at", "2023-06-26 07:06:07.694420"], ["updated_at", "2023-06-26 07:06:07.694420"]]
  [1m[36mTRANSACTION (1.7ms)[0m  [1m[36mcommit transaction[0m
  [1m[36mTRANSACTION (0.1ms)[0m  [1m[36mbegin transaction[0m
  [1m[36mRestaurant Create (0.3ms)[0m  [1m[32mINSERT INTO "restaurants" ("name", "address", "created_at", "updated_at") VALUES (?, ?, ?, ?)[0m  [["name", "Papa John's"], ["address", "789 Oak St"], ["created_at", "2023-06-26 07:06:07.700328"], ["updated_at", "2023-06-26 07:06:07.700328"]]
  [1m[36mTRANSACTION (1.7ms)[0m  [1m[36mcommit transaction[0m
  [1m[36mTRANSACTION (0.3ms)[0m  [1m[36mbegin transaction[0m
  [1m[36mRestaurantPizza Create (0.4ms)[0m  [1m[32mINSERT INTO "restaurant_pizzas" ("price", "pizza_id", "restaurant_id", "created_at", "updated_at") VALUES (?, ?, ?, ?, ?)[0m  [["price", 10], ["pizza_id", 1], ["restaurant_id", 1], ["created_at", "2023-06-26 07:06:07.725331"], ["updated_at", "2023-06-26 07:06:07.725331"]]
  [1m[36mTRANSACTION (1.9ms)[0m  [1m[36mcommit transaction[0m
  [1m[36mTRANSACTION (0.1ms)[0m  [1m[36mbegin transaction[0m
  [1m[36mRestaurantPizza Create (0.3ms)[0m  [1m[32mINSERT INTO "restaurant_pizzas" ("price", "pizza_id", "restaurant_id", "created_at", "updated_at") VALUES (?, ?, ?, ?, ?)[0m  [["price", 12], ["pizza_id", 2], ["restaurant_id", 2], ["created_at", "2023-06-26 07:06:07.732122"], ["updated_at", "2023-06-26 07:06:07.732122"]]
  [1m[36mTRANSACTION (3.2ms)[0m  [1m[36mcommit transaction[0m
  [1m[36mTRANSACTION (0.1ms)[0m  [1m[36mbegin transaction[0m
  [1m[36mRestaurantPizza Create (0.3ms)[0m  [1m[32mINSERT INTO "restaurant_pizzas" ("price", "pizza_id", "restaurant_id", "created_at", "updated_at") VALUES (?, ?, ?, ?, ?)[0m  [["price", 11], ["pizza_id", 3], ["restaurant_id", 3], ["created_at", "2023-06-26 07:06:07.739762"], ["updated_at", "2023-06-26 07:06:07.739762"]]
  [1m[36mTRANSACTION (2.9ms)[0m  [1m[36mcommit transaction[0m
Started GET "/" for 127.0.0.1 at 2023-06-26 10:06:25 +0300
  [1m[35m (0.5ms)[0m  [1m[34mSELECT sqlite_version(*)[0m
  [1m[35m (0.1ms)[0m  [1m[34mSELECT "schema_migrations"."version" FROM "schema_migrations" ORDER BY "schema_migrations"."version" ASC[0m
Processing by Rails::WelcomeController#index as HTML
  Rendering /var/lib/gems/3.0.0/gems/railties-6.1.7.3/lib/rails/templates/rails/welcome/index.html.erb
  Rendered /var/lib/gems/3.0.0/gems/railties-6.1.7.3/lib/rails/templates/rails/welcome/index.html.erb (Duration: 5.7ms | Allocations: 536)
Completed 200 OK in 16ms (Views: 10.2ms | ActiveRecord: 0.0ms | Allocations: 4498)


Started GET "/favicon.ico" for 127.0.0.1 at 2023-06-26 10:06:25 +0300
  
ActionController::RoutingError (No route matches [GET] "/favicon.ico"):
  
Started GET "/restaurants" for 127.0.0.1 at 2023-06-26 10:06:35 +0300
Processing by RestaurantsController#index as HTML
  [1m[36mRestaurant Load (0.3ms)[0m  [1m[34mSELECT "restaurants".* FROM "restaurants"[0m
  ↳ app/controllers/restaurants_controller.rb:4:in `index'
Completed 200 OK in 11ms (Views: 6.4ms | ActiveRecord: 0.8ms | Allocations: 6647)


Started GET "/pizzas" for 127.0.0.1 at 2023-06-26 10:06:41 +0300
Processing by PizzasController#index as HTML
  [1m[36mPizza Load (0.3ms)[0m  [1m[34mSELECT "pizzas".* FROM "pizzas"[0m
  ↳ app/controllers/pizzas_controller.rb:4:in `index'
Completed 200 OK in 8ms (Views: 4.8ms | ActiveRecord: 0.7ms | Allocations: 5018)


Started GET "/" for ::1 at 2023-06-26 10:53:24 +0300
Processing by Rails::WelcomeController#index as HTML
  Rendering /var/lib/gems/3.0.0/gems/railties-6.1.7.3/lib/rails/templates/rails/welcome/index.html.erb
  Rendered /var/lib/gems/3.0.0/gems/railties-6.1.7.3/lib/rails/templates/rails/welcome/index.html.erb (Duration: 4.8ms | Allocations: 211)
Completed 200 OK in 8ms (Views: 6.6ms | Allocations: 1013)


Started GET "/favicon.ico" for ::1 at 2023-06-26 10:53:24 +0300
  
ActionController::RoutingError (No route matches [GET] "/favicon.ico"):
  
Started GET "/restaurants" for ::1 at 2023-06-26 10:53:32 +0300
Processing by RestaurantsController#index as HTML
  [1m[35m (0.1ms)[0m  [1m[34mSELECT sqlite_version(*)[0m
  ↳ app/controllers/restaurants_controller.rb:4:in `index'
  [1m[36mRestaurant Load (0.5ms)[0m  [1m[34mSELECT "restaurants".* FROM "restaurants"[0m
  ↳ app/controllers/restaurants_controller.rb:4:in `index'
Completed 200 OK in 13ms (Views: 9.9ms | ActiveRecord: 1.0ms | Allocations: 5676)


Started GET "/restaurants" for ::1 at 2023-06-26 10:54:38 +0300
  [1m[35m (0.6ms)[0m  [1m[34mSELECT sqlite_version(*)[0m
  [1m[35m (0.2ms)[0m  [1m[34mSELECT "schema_migrations"."version" FROM "schema_migrations" ORDER BY "schema_migrations"."version" ASC[0m
Processing by RestaurantsController#index as */*
  [1m[36mRestaurant Load (0.2ms)[0m  [1m[34mSELECT "restaurants".* FROM "restaurants"[0m
  ↳ app/controllers/restaurants_controller.rb:4:in `index'
Completed 200 OK in 15ms (Views: 6.1ms | ActiveRecord: 0.6ms | Allocations: 8761)


Started GET "/restaurants/1" for ::1 at 2023-06-26 10:54:43 +0300
Processing by RestaurantsController#show as */*
  Parameters: {"id"=>"1"}
  [1m[36mRestaurant Load (0.4ms)[0m  [1m[34mSELECT "restaurants".* FROM "restaurants" WHERE "restaurants"."id" = ? LIMIT ?[0m  [["id", 1], ["LIMIT", 1]]
  ↳ app/controllers/restaurants_controller.rb:8:in `show'
Completed 200 OK in 6ms (Views: 0.9ms | ActiveRecord: 0.4ms | Allocations: 1546)


Started DELETE "/restaurants/1" for ::1 at 2023-06-26 10:54:48 +0300
Processing by RestaurantsController#destroy as */*
  Parameters: {"id"=>"1"}
  [1m[36mRestaurant Load (0.1ms)[0m  [1m[34mSELECT "restaurants".* FROM "restaurants" WHERE "restaurants"."id" = ? LIMIT ?[0m  [["id", 1], ["LIMIT", 1]]
  ↳ app/controllers/restaurants_controller.rb:18:in `destroy'
  [1m[36mTRANSACTION (0.1ms)[0m  [1m[36mbegin transaction[0m
  ↳ app/controllers/restaurants_controller.rb:21:in `destroy'
  [1m[36mRestaurantPizza Load (0.2ms)[0m  [1m[34mSELECT "restaurant_pizzas".* FROM "restaurant_pizzas" WHERE "restaurant_pizzas"."restaurant_id" = ?[0m  [["restaurant_id", 1]]
  ↳ app/controllers/restaurants_controller.rb:21:in `destroy'
  [1m[36mRestaurantPizza Destroy (0.6ms)[0m  [1m[31mDELETE FROM "restaurant_pizzas" WHERE "restaurant_pizzas"."id" = ?[0m  [["id", 1]]
  ↳ app/controllers/restaurants_controller.rb:21:in `destroy'
  [1m[36mRestaurant Destroy (0.3ms)[0m  [1m[31mDELETE FROM "restaurants" WHERE "restaurants"."id" = ?[0m  [["id", 1]]
  ↳ app/controllers/restaurants_controller.rb:21:in `destroy'
  [1m[36mTRANSACTION (7.5ms)[0m  [1m[36mcommit transaction[0m
  ↳ app/controllers/restaurants_controller.rb:21:in `destroy'
Completed 204 No Content in 35ms (ActiveRecord: 9.2ms | Allocations: 14715)


Started GET "/restaurants/1" for ::1 at 2023-06-26 10:55:04 +0300
Processing by RestaurantsController#show as */*
  Parameters: {"id"=>"1"}
  [1m[36mRestaurant Load (0.1ms)[0m  [1m[34mSELECT "restaurants".* FROM "restaurants" WHERE "restaurants"."id" = ? LIMIT ?[0m  [["id", 1], ["LIMIT", 1]]
  ↳ app/controllers/restaurants_controller.rb:8:in `show'
Completed 404 Not Found in 1ms (Views: 0.3ms | ActiveRecord: 0.1ms | Allocations: 590)


Started GET "/restaurants/1" for ::1 at 2023-06-26 11:25:17 +0300
  [1m[35m (0.5ms)[0m  [1m[34mSELECT sqlite_version(*)[0m
  [1m[35m (0.2ms)[0m  [1m[34mSELECT "schema_migrations"."version" FROM "schema_migrations" ORDER BY "schema_migrations"."version" ASC[0m
Processing by RestaurantsController#show as */*
  Parameters: {"id"=>"1"}
  [1m[36mRestaurant Load (0.2ms)[0m  [1m[34mSELECT "restaurants".* FROM "restaurants" WHERE "restaurants"."id" = ? LIMIT ?[0m  [["id", 1], ["LIMIT", 1]]
  ↳ app/controllers/restaurants_controller.rb:8:in `show'
Completed 404 Not Found in 11ms (Views: 0.3ms | ActiveRecord: 0.6ms | Allocations: 6718)


Started GET "/restaurants/2" for ::1 at 2023-06-26 11:25:21 +0300
Processing by RestaurantsController#show as */*
  Parameters: {"id"=>"2"}
  [1m[36mRestaurant Load (0.2ms)[0m  [1m[34mSELECT "restaurants".* FROM "restaurants" WHERE "restaurants"."id" = ? LIMIT ?[0m  [["id", 2], ["LIMIT", 1]]
  ↳ app/controllers/restaurants_controller.rb:8:in `show'
Completed 200 OK in 7ms (Views: 0.9ms | ActiveRecord: 0.7ms | Allocations: 3020)


Started POST "/restaurant_pizzas" for ::1 at 2023-06-26 11:56:12 +0300
  [1m[35m (0.6ms)[0m  [1m[34mSELECT sqlite_version(*)[0m
  [1m[35m (0.2ms)[0m  [1m[34mSELECT "schema_migrations"."version" FROM "schema_migrations" ORDER BY "schema_migrations"."version" ASC[0m
  
SyntaxError (/home/george/moringa/rails/phase-4-code-challenge/app/models/restaurant_pizza.rb:5: syntax error, unexpected symbol literal, expecting `do' or '{' or '('
..._id, :restaurant_id, presence :true
...                              ^
/home/george/moringa/rails/phase-4-code-challenge/app/models/restaurant_pizza.rb:6: syntax error, unexpected symbol literal, expecting `do' or '{' or '('
...al_to:1, less_than-or_equal_to:30}
...                              ^
):
  
app/models/restaurant_pizza.rb:5: syntax error, unexpected symbol literal, expecting `do' or '{' or '('
app/models/restaurant_pizza.rb:6: syntax error, unexpected symbol literal, expecting `do' or '{' or '('
app/models/restaurant_pizza.rb:5: syntax error, unexpected symbol literal, expecting `do' or '{' or '('
app/models/restaurant_pizza.rb:6: syntax error, unexpected symbol literal, expecting `do' or '{' or '('
Started POST "/restaurant_pizzas/3" for ::1 at 2023-06-26 11:56:54 +0300
  
ActionController::RoutingError (No route matches [POST] "/restaurant_pizzas/3"):
  
Started POST "/restaurant_pizzas" for ::1 at 2023-06-26 11:57:10 +0300
  
SyntaxError (/home/george/moringa/rails/phase-4-code-challenge/app/models/restaurant_pizza.rb:5: syntax error, unexpected symbol literal, expecting `do' or '{' or '('
..._id, :restaurant_id, presence :true
...                              ^
/home/george/moringa/rails/phase-4-code-challenge/app/models/restaurant_pizza.rb:6: syntax error, unexpected symbol literal, expecting `do' or '{' or '('
...al_to:1, less_than-or_equal_to:30}
...                              ^
):
  
app/models/restaurant_pizza.rb:5: syntax error, unexpected symbol literal, expecting `do' or '{' or '('
app/models/restaurant_pizza.rb:6: syntax error, unexpected symbol literal, expecting `do' or '{' or '('
app/models/restaurant_pizza.rb:5: syntax error, unexpected symbol literal, expecting `do' or '{' or '('
app/models/restaurant_pizza.rb:6: syntax error, unexpected symbol literal, expecting `do' or '{' or '('
Started POST "/restaurant_pizzas" for ::1 at 2023-06-26 11:57:38 +0300
  
SyntaxError (/home/george/moringa/rails/phase-4-code-challenge/app/models/restaurant_pizza.rb:5: syntax error, unexpected symbol literal, expecting `do' or '{' or '('
...al_to:1, less_than-or_equal_to:30}
...                              ^
):
  
app/models/restaurant_pizza.rb:5: syntax error, unexpected symbol literal, expecting `do' or '{' or '('
app/models/restaurant_pizza.rb:5: syntax error, unexpected symbol literal, expecting `do' or '{' or '('
Started POST "/restaurant_pizzas" for ::1 at 2023-06-26 11:58:16 +0300
  [1m[35m (0.7ms)[0m  [1m[34mSELECT sqlite_version(*)[0m
  [1m[35m (0.2ms)[0m  [1m[34mSELECT "schema_migrations"."version" FROM "schema_migrations" ORDER BY "schema_migrations"."version" ASC[0m
  
SyntaxError (/home/george/moringa/rails/phase-4-code-challenge/app/models/restaurant_pizza.rb:5: syntax error, unexpected symbol literal, expecting `do' or '{' or '('
..._id, :restaurant_id, presence :true
...                              ^
):
  
app/models/restaurant_pizza.rb:5: syntax error, unexpected symbol literal, expecting `do' or '{' or '('
app/models/restaurant_pizza.rb:5: syntax error, unexpected symbol literal, expecting `do' or '{' or '('
Started POST "/restaurant_pizzas" for ::1 at 2023-06-26 11:58:43 +0300
  [1m[35m (0.1ms)[0m  [1m[34mSELECT sqlite_version(*)[0m
Processing by RestaurantPizzasController#create as */*
  Parameters: {"price"=>20, "restaurant_id"=>2, "pizza_id"=>2, "restaurant_pizza"=>{"price"=>20, "pizza_id"=>2, "restaurant_id"=>2}}
[31mUnpermitted parameter: :restaurant_pizza[0m
  [1m[36mTRANSACTION (0.1ms)[0m  [1m[36mbegin transaction[0m
  ↳ app/controllers/restaurant_pizzas_controller.rb:3:in `create'
  [1m[36mPizza Load (0.2ms)[0m  [1m[34mSELECT "pizzas".* FROM "pizzas" WHERE "pizzas"."id" = ? LIMIT ?[0m  [["id", 2], ["LIMIT", 1]]
  ↳ app/controllers/restaurant_pizzas_controller.rb:3:in `create'
  [1m[36mRestaurant Load (0.1ms)[0m  [1m[34mSELECT "restaurants".* FROM "restaurants" WHERE "restaurants"."id" = ? LIMIT ?[0m  [["id", 2], ["LIMIT", 1]]
  ↳ app/controllers/restaurant_pizzas_controller.rb:3:in `create'
  [1m[36mRestaurantPizza Create (0.4ms)[0m  [1m[32mINSERT INTO "restaurant_pizzas" ("price", "pizza_id", "restaurant_id", "created_at", "updated_at") VALUES (?, ?, ?, ?, ?)[0m  [["price", 20], ["pizza_id", 2], ["restaurant_id", 2], ["created_at", "2023-06-26 08:58:43.997360"], ["updated_at", "2023-06-26 08:58:43.997360"]]
  ↳ app/controllers/restaurant_pizzas_controller.rb:3:in `create'
  [1m[36mTRANSACTION (7.7ms)[0m  [1m[36mcommit transaction[0m
  ↳ app/controllers/restaurant_pizzas_controller.rb:3:in `create'
Completed 200 OK in 53ms (Views: 0.7ms | ActiveRecord: 11.0ms | Allocations: 22646)


Started POST "/restaurant_pizzas" for ::1 at 2023-06-26 11:59:27 +0300
  [1m[35m (0.1ms)[0m  [1m[34mSELECT sqlite_version(*)[0m
Processing by RestaurantPizzasController#create as */*
  Parameters: {"price"=>20, "restaurant_id"=>2, "pizza_id"=>1, "restaurant_pizza"=>{"price"=>20, "pizza_id"=>1, "restaurant_id"=>2}}
[31mUnpermitted parameter: :restaurant_pizza[0m
  [1m[36mTRANSACTION (0.1ms)[0m  [1m[36mbegin transaction[0m
  ↳ app/controllers/restaurant_pizzas_controller.rb:3:in `create'
  [1m[36mPizza Load (0.1ms)[0m  [1m[34mSELECT "pizzas".* FROM "pizzas" WHERE "pizzas"."id" = ? LIMIT ?[0m  [["id", 1], ["LIMIT", 1]]
  ↳ app/controllers/restaurant_pizzas_controller.rb:3:in `create'
  [1m[36mRestaurant Load (0.2ms)[0m  [1m[34mSELECT "restaurants".* FROM "restaurants" WHERE "restaurants"."id" = ? LIMIT ?[0m  [["id", 2], ["LIMIT", 1]]
  ↳ app/controllers/restaurant_pizzas_controller.rb:3:in `create'
  [1m[36mRestaurantPizza Create (0.6ms)[0m  [1m[32mINSERT INTO "restaurant_pizzas" ("price", "pizza_id", "restaurant_id", "created_at", "updated_at") VALUES (?, ?, ?, ?, ?)[0m  [["price", 20], ["pizza_id", 1], ["restaurant_id", 2], ["created_at", "2023-06-26 08:59:27.820682"], ["updated_at", "2023-06-26 08:59:27.820682"]]
  ↳ app/controllers/restaurant_pizzas_controller.rb:3:in `create'
  [1m[36mTRANSACTION (2.3ms)[0m  [1m[36mcommit transaction[0m
  ↳ app/controllers/restaurant_pizzas_controller.rb:3:in `create'
Completed 200 OK in 35ms (Views: 0.7ms | ActiveRecord: 5.1ms | Allocations: 16897)


Started POST "/restaurant_pizzas" for ::1 at 2023-06-26 12:13:22 +0300
  [1m[35m (0.4ms)[0m  [1m[34mSELECT sqlite_version(*)[0m
  [1m[35m (0.3ms)[0m  [1m[34mSELECT "schema_migrations"."version" FROM "schema_migrations" ORDER BY "schema_migrations"."version" ASC[0m
Processing by RestaurantPizzasController#create as */*
  Parameters: {"price"=>34, "restaurant_id"=>3, "pizza_id"=>2, "restaurant_pizza"=>{"price"=>34, "pizza_id"=>2, "restaurant_id"=>3}}
[31mUnpermitted parameter: :restaurant_pizza[0m
  [1m[36mTRANSACTION (0.1ms)[0m  [1m[36mbegin transaction[0m
  ↳ app/controllers/restaurant_pizzas_controller.rb:3:in `create'
  [1m[36mPizza Load (0.1ms)[0m  [1m[34mSELECT "pizzas".* FROM "pizzas" WHERE "pizzas"."id" = ? LIMIT ?[0m  [["id", 2], ["LIMIT", 1]]
  ↳ app/controllers/restaurant_pizzas_controller.rb:3:in `create'
  [1m[36mRestaurant Load (0.1ms)[0m  [1m[34mSELECT "restaurants".* FROM "restaurants" WHERE "restaurants"."id" = ? LIMIT ?[0m  [["id", 3], ["LIMIT", 1]]
  ↳ app/controllers/restaurant_pizzas_controller.rb:3:in `create'
  [1m[36mTRANSACTION (0.1ms)[0m  [1m[31mrollback transaction[0m
  ↳ app/controllers/restaurant_pizzas_controller.rb:3:in `create'
Completed 500 Internal Server Error in 38ms (ActiveRecord: 1.8ms | Allocations: 25157)


  
NameError (undefined method `render_unprocessable_entity_response' for class `RestaurantPizzasController'):
  
activesupport (6.1.7.3) lib/active_support/rescuable.rb:106:in `method'
activesupport (6.1.7.3) lib/active_support/rescuable.rb:106:in `handler_for_rescue'
activesupport (6.1.7.3) lib/active_support/rescuable.rb:91:in `rescue_with_handler'
activesupport (6.1.7.3) lib/active_support/rescuable.rb:165:in `rescue_with_handler'
actionpack (6.1.7.3) lib/action_controller/metal/rescue.rb:25:in `rescue in process_action'
actionpack (6.1.7.3) lib/action_controller/metal/rescue.rb:21:in `process_action'
actionpack (6.1.7.3) lib/action_controller/metal/instrumentation.rb:34:in `block in process_action'
activesupport (6.1.7.3) lib/active_support/notifications.rb:203:in `block in instrument'
activesupport (6.1.7.3) lib/active_support/notifications/instrumenter.rb:24:in `instrument'
activesupport (6.1.7.3) lib/active_support/notifications.rb:203:in `instrument'
actionpack (6.1.7.3) lib/action_controller/metal/instrumentation.rb:33:in `process_action'
actionpack (6.1.7.3) lib/action_controller/metal/params_wrapper.rb:249:in `process_action'
activerecord (6.1.7.3) lib/active_record/railties/controller_runtime.rb:27:in `process_action'
actionpack (6.1.7.3) lib/abstract_controller/base.rb:165:in `process'
actionpack (6.1.7.3) lib/action_controller/metal.rb:190:in `dispatch'
actionpack (6.1.7.3) lib/action_controller/metal.rb:254:in `dispatch'
actionpack (6.1.7.3) lib/action_dispatch/routing/route_set.rb:50:in `dispatch'
actionpack (6.1.7.3) lib/action_dispatch/routing/route_set.rb:33:in `serve'
actionpack (6.1.7.3) lib/action_dispatch/journey/router.rb:50:in `block in serve'
actionpack (6.1.7.3) lib/action_dispatch/journey/router.rb:32:in `each'
actionpack (6.1.7.3) lib/action_dispatch/journey/router.rb:32:in `serve'
actionpack (6.1.7.3) lib/action_dispatch/routing/route_set.rb:842:in `call'
rack (2.2.7) lib/rack/etag.rb:27:in `call'
rack (2.2.7) lib/rack/conditional_get.rb:40:in `call'
rack (2.2.7) lib/rack/head.rb:12:in `call'
activerecord (6.1.7.3) lib/active_record/migration.rb:601:in `call'
actionpack (6.1.7.3) lib/action_dispatch/middleware/callbacks.rb:27:in `block in call'
activesupport (6.1.7.3) lib/active_support/callbacks.rb:98:in `run_callbacks'
actionpack (6.1.7.3) lib/action_dispatch/middleware/callbacks.rb:26:in `call'
actionpack (6.1.7.3) lib/action_dispatch/middleware/executor.rb:14:in `call'
actionpack (6.1.7.3) lib/action_dispatch/middleware/actionable_exceptions.rb:18:in `call'
actionpack (6.1.7.3) lib/action_dispatch/middleware/debug_exceptions.rb:29:in `call'
actionpack (6.1.7.3) lib/action_dispatch/middleware/show_exceptions.rb:33:in `call'
railties (6.1.7.3) lib/rails/rack/logger.rb:37:in `call_app'
railties (6.1.7.3) lib/rails/rack/logger.rb:26:in `block in call'
activesupport (6.1.7.3) lib/active_support/tagged_logging.rb:99:in `block in tagged'
activesupport (6.1.7.3) lib/active_support/tagged_logging.rb:37:in `tagged'
activesupport (6.1.7.3) lib/active_support/tagged_logging.rb:99:in `tagged'
railties (6.1.7.3) lib/rails/rack/logger.rb:26:in `call'
actionpack (6.1.7.3) lib/action_dispatch/middleware/remote_ip.rb:81:in `call'
actionpack (6.1.7.3) lib/action_dispatch/middleware/request_id.rb:26:in `call'
rack (2.2.7) lib/rack/runtime.rb:22:in `call'
activesupport (6.1.7.3) lib/active_support/cache/strategy/local_cache_middleware.rb:29:in `call'
actionpack (6.1.7.3) lib/action_dispatch/middleware/executor.rb:14:in `call'
actionpack (6.1.7.3) lib/action_dispatch/middleware/static.rb:24:in `call'
rack (2.2.7) lib/rack/sendfile.rb:110:in `call'
actionpack (6.1.7.3) lib/action_dispatch/middleware/host_authorization.rb:148:in `call'
railties (6.1.7.3) lib/rails/engine.rb:539:in `call'
puma (5.6.6) lib/puma/configuration.rb:252:in `call'
puma (5.6.6) lib/puma/request.rb:77:in `block in handle_request'
puma (5.6.6) lib/puma/thread_pool.rb:340:in `with_force_shutdown'
puma (5.6.6) lib/puma/request.rb:76:in `handle_request'
puma (5.6.6) lib/puma/server.rb:443:in `process_client'
puma (5.6.6) lib/puma/thread_pool.rb:147:in `block in spawn_thread'
Started POST "/restaurant_pizzas" for ::1 at 2023-06-26 12:15:42 +0300
  [1m[35m (0.1ms)[0m  [1m[34mSELECT sqlite_version(*)[0m
Processing by RestaurantPizzasController#create as */*
  Parameters: {"price"=>34, "restaurant_id"=>3, "pizza_id"=>2, "restaurant_pizza"=>{"price"=>34, "pizza_id"=>2, "restaurant_id"=>3}}
[31mUnpermitted parameter: :restaurant_pizza[0m
  [1m[36mTRANSACTION (0.1ms)[0m  [1m[36mbegin transaction[0m
  ↳ app/controllers/restaurant_pizzas_controller.rb:3:in `create'
  [1m[36mPizza Load (0.1ms)[0m  [1m[34mSELECT "pizzas".* FROM "pizzas" WHERE "pizzas"."id" = ? LIMIT ?[0m  [["id", 2], ["LIMIT", 1]]
  ↳ app/controllers/restaurant_pizzas_controller.rb:3:in `create'
  [1m[36mRestaurant Load (0.1ms)[0m  [1m[34mSELECT "restaurants".* FROM "restaurants" WHERE "restaurants"."id" = ? LIMIT ?[0m  [["id", 3], ["LIMIT", 1]]
  ↳ app/controllers/restaurant_pizzas_controller.rb:3:in `create'
  [1m[36mTRANSACTION (0.1ms)[0m  [1m[31mrollback transaction[0m
  ↳ app/controllers/restaurant_pizzas_controller.rb:3:in `create'
Completed 422 Unprocessable Entity in 56ms (Views: 0.3ms | ActiveRecord: 3.0ms | Allocations: 14983)


Started POST "/restaurant_pizzas" for ::1 at 2023-06-26 12:16:06 +0300
  [1m[35m (0.1ms)[0m  [1m[34mSELECT sqlite_version(*)[0m
Processing by RestaurantPizzasController#create as */*
  Parameters: {"price"=>34, "restaurant_id"=>3, "pizza_id"=>2, "restaurant_pizza"=>{"price"=>34, "pizza_id"=>2, "restaurant_id"=>3}}
[31mUnpermitted parameter: :restaurant_pizza[0m
  [1m[36mTRANSACTION (0.1ms)[0m  [1m[36mbegin transaction[0m
  ↳ app/controllers/restaurant_pizzas_controller.rb:3:in `create'
  [1m[36mPizza Load (0.7ms)[0m  [1m[34mSELECT "pizzas".* FROM "pizzas" WHERE "pizzas"."id" = ? LIMIT ?[0m  [["id", 2], ["LIMIT", 1]]
  ↳ app/controllers/restaurant_pizzas_controller.rb:3:in `create'
  [1m[36mRestaurant Load (0.2ms)[0m  [1m[34mSELECT "restaurants".* FROM "restaurants" WHERE "restaurants"."id" = ? LIMIT ?[0m  [["id", 3], ["LIMIT", 1]]
  ↳ app/controllers/restaurant_pizzas_controller.rb:3:in `create'
  [1m[36mTRANSACTION (0.1ms)[0m  [1m[31mrollback transaction[0m
  ↳ app/controllers/restaurant_pizzas_controller.rb:3:in `create'
Completed 422 Unprocessable Entity in 34ms (Views: 0.6ms | ActiveRecord: 2.7ms | Allocations: 14784)


